{"E:\\Projects\\NodeJS\\BillingSystemAssignment\\DB\\config.js": {"path":"E:\\Projects\\NodeJS\\BillingSystemAssignment\\DB\\config.js","statementMap":{"0":{"start":{"line":1,"column":14},"end":{"line":1,"column":30}},"1":{"start":{"line":4,"column":19},"end":{"line":9,"column":2}},"2":{"start":{"line":21,"column":0},"end":{"line":21,"column":28}}},"fnMap":{},"branchMap":{},"s":{"0":3,"1":3,"2":3},"f":{},"b":{},"_coverageSchema":"1a1c01bbd47fc00a2c39e90264f33305004495a9","hash":"92a894bcbc8358dd902b69b0546119ebbddb5dcb"}
,"E:\\Projects\\NodeJS\\BillingSystemAssignment\\models\\orders.js": {"path":"E:\\Projects\\NodeJS\\BillingSystemAssignment\\models\\orders.js","statementMap":{"0":{"start":{"line":4,"column":11},"end":{"line":4,"column":37}},"1":{"start":{"line":11,"column":20},"end":{"line":32,"column":1}},"2":{"start":{"line":12,"column":4},"end":{"line":30,"column":6}},"3":{"start":{"line":13,"column":18},"end":{"line":13,"column":57}},"4":{"start":{"line":14,"column":8},"end":{"line":29,"column":15}},"5":{"start":{"line":16,"column":16},"end":{"line":28,"column":17}},"6":{"start":{"line":17,"column":20},"end":{"line":17,"column":32}},"7":{"start":{"line":18,"column":20},"end":{"line":18,"column":30}},"8":{"start":{"line":20,"column":21},"end":{"line":28,"column":17}},"9":{"start":{"line":21,"column":20},"end":{"line":21,"column":61}},"10":{"start":{"line":22,"column":33},"end":{"line":22,"column":62}},"11":{"start":{"line":23,"column":20},"end":{"line":23,"column":36}},"12":{"start":{"line":25,"column":20},"end":{"line":25,"column":58}},"13":{"start":{"line":26,"column":33},"end":{"line":26,"column":63}},"14":{"start":{"line":27,"column":20},"end":{"line":27,"column":36}},"15":{"start":{"line":35,"column":21},"end":{"line":54,"column":1}},"16":{"start":{"line":36,"column":4},"end":{"line":52,"column":7}},"17":{"start":{"line":37,"column":8},"end":{"line":50,"column":11}},"18":{"start":{"line":38,"column":12},"end":{"line":41,"column":13}},"19":{"start":{"line":39,"column":16},"end":{"line":39,"column":28}},"20":{"start":{"line":40,"column":16},"end":{"line":40,"column":26}},"21":{"start":{"line":42,"column":12},"end":{"line":49,"column":13}},"22":{"start":{"line":43,"column":16},"end":{"line":43,"column":44}},"23":{"start":{"line":44,"column":16},"end":{"line":44,"column":30}},"24":{"start":{"line":46,"column":30},"end":{"line":46,"column":41}},"25":{"start":{"line":47,"column":16},"end":{"line":47,"column":46}},"26":{"start":{"line":48,"column":16},"end":{"line":48,"column":31}},"27":{"start":{"line":57,"column":21},"end":{"line":77,"column":1}},"28":{"start":{"line":58,"column":4},"end":{"line":75,"column":6}},"29":{"start":{"line":59,"column":8},"end":{"line":74,"column":15}},"30":{"start":{"line":61,"column":16},"end":{"line":73,"column":17}},"31":{"start":{"line":62,"column":20},"end":{"line":62,"column":32}},"32":{"start":{"line":63,"column":20},"end":{"line":63,"column":30}},"33":{"start":{"line":65,"column":21},"end":{"line":73,"column":17}},"34":{"start":{"line":66,"column":20},"end":{"line":66,"column":64}},"35":{"start":{"line":67,"column":33},"end":{"line":67,"column":46}},"36":{"start":{"line":68,"column":20},"end":{"line":68,"column":36}},"37":{"start":{"line":70,"column":20},"end":{"line":70,"column":58}},"38":{"start":{"line":71,"column":33},"end":{"line":71,"column":47}},"39":{"start":{"line":72,"column":20},"end":{"line":72,"column":36}},"40":{"start":{"line":79,"column":20},"end":{"line":98,"column":1}},"41":{"start":{"line":80,"column":4},"end":{"line":96,"column":7}},"42":{"start":{"line":81,"column":8},"end":{"line":94,"column":11}},"43":{"start":{"line":82,"column":12},"end":{"line":85,"column":13}},"44":{"start":{"line":83,"column":16},"end":{"line":83,"column":28}},"45":{"start":{"line":84,"column":16},"end":{"line":84,"column":26}},"46":{"start":{"line":86,"column":12},"end":{"line":93,"column":13}},"47":{"start":{"line":87,"column":16},"end":{"line":87,"column":45}},"48":{"start":{"line":88,"column":16},"end":{"line":88,"column":30}},"49":{"start":{"line":90,"column":30},"end":{"line":90,"column":41}},"50":{"start":{"line":91,"column":16},"end":{"line":91,"column":46}},"51":{"start":{"line":92,"column":16},"end":{"line":92,"column":31}},"52":{"start":{"line":101,"column":20},"end":{"line":121,"column":1}},"53":{"start":{"line":102,"column":4},"end":{"line":119,"column":6}},"54":{"start":{"line":103,"column":8},"end":{"line":118,"column":15}},"55":{"start":{"line":105,"column":16},"end":{"line":117,"column":17}},"56":{"start":{"line":106,"column":20},"end":{"line":106,"column":32}},"57":{"start":{"line":107,"column":20},"end":{"line":107,"column":30}},"58":{"start":{"line":109,"column":21},"end":{"line":117,"column":17}},"59":{"start":{"line":110,"column":20},"end":{"line":110,"column":62}},"60":{"start":{"line":111,"column":33},"end":{"line":111,"column":46}},"61":{"start":{"line":112,"column":20},"end":{"line":112,"column":36}},"62":{"start":{"line":114,"column":20},"end":{"line":114,"column":57}},"63":{"start":{"line":115,"column":33},"end":{"line":115,"column":47}},"64":{"start":{"line":116,"column":20},"end":{"line":116,"column":36}},"65":{"start":{"line":124,"column":0},"end":{"line":130,"column":1}}},"fnMap":{"0":{"name":"(anonymous_0)","decl":{"start":{"line":11,"column":20},"end":{"line":11,"column":21}},"loc":{"start":{"line":11,"column":146},"end":{"line":32,"column":1}},"line":11},"1":{"name":"(anonymous_1)","decl":{"start":{"line":12,"column":23},"end":{"line":12,"column":24}},"loc":{"start":{"line":12,"column":44},"end":{"line":30,"column":5}},"line":12},"2":{"name":"(anonymous_2)","decl":{"start":{"line":15,"column":142},"end":{"line":15,"column":143}},"loc":{"start":{"line":15,"column":171},"end":{"line":29,"column":13}},"line":15},"3":{"name":"(anonymous_3)","decl":{"start":{"line":35,"column":21},"end":{"line":35,"column":22}},"loc":{"start":{"line":35,"column":29},"end":{"line":54,"column":1}},"line":35},"4":{"name":"(anonymous_4)","decl":{"start":{"line":36,"column":23},"end":{"line":36,"column":24}},"loc":{"start":{"line":36,"column":44},"end":{"line":52,"column":5}},"line":36},"5":{"name":"(anonymous_5)","decl":{"start":{"line":37,"column":291},"end":{"line":37,"column":292}},"loc":{"start":{"line":37,"column":320},"end":{"line":50,"column":9}},"line":37},"6":{"name":"(anonymous_6)","decl":{"start":{"line":57,"column":21},"end":{"line":57,"column":22}},"loc":{"start":{"line":57,"column":34},"end":{"line":77,"column":1}},"line":57},"7":{"name":"(anonymous_7)","decl":{"start":{"line":58,"column":23},"end":{"line":58,"column":24}},"loc":{"start":{"line":58,"column":44},"end":{"line":75,"column":5}},"line":58},"8":{"name":"(anonymous_8)","decl":{"start":{"line":60,"column":20},"end":{"line":60,"column":21}},"loc":{"start":{"line":60,"column":49},"end":{"line":74,"column":13}},"line":60},"9":{"name":"(anonymous_9)","decl":{"start":{"line":79,"column":20},"end":{"line":79,"column":21}},"loc":{"start":{"line":79,"column":26},"end":{"line":98,"column":1}},"line":79},"10":{"name":"(anonymous_10)","decl":{"start":{"line":80,"column":23},"end":{"line":80,"column":24}},"loc":{"start":{"line":80,"column":44},"end":{"line":96,"column":5}},"line":80},"11":{"name":"(anonymous_11)","decl":{"start":{"line":81,"column":316},"end":{"line":81,"column":317}},"loc":{"start":{"line":81,"column":345},"end":{"line":94,"column":9}},"line":81},"12":{"name":"(anonymous_12)","decl":{"start":{"line":101,"column":20},"end":{"line":101,"column":21}},"loc":{"start":{"line":101,"column":28},"end":{"line":121,"column":1}},"line":101},"13":{"name":"(anonymous_13)","decl":{"start":{"line":102,"column":23},"end":{"line":102,"column":24}},"loc":{"start":{"line":102,"column":44},"end":{"line":119,"column":5}},"line":102},"14":{"name":"(anonymous_14)","decl":{"start":{"line":104,"column":18},"end":{"line":104,"column":19}},"loc":{"start":{"line":104,"column":47},"end":{"line":118,"column":13}},"line":104}},"branchMap":{"0":{"loc":{"start":{"line":16,"column":16},"end":{"line":28,"column":17}},"type":"if","locations":[{"start":{"line":16,"column":16},"end":{"line":28,"column":17}},{"start":{"line":16,"column":16},"end":{"line":28,"column":17}}],"line":16},"1":{"loc":{"start":{"line":20,"column":21},"end":{"line":28,"column":17}},"type":"if","locations":[{"start":{"line":20,"column":21},"end":{"line":28,"column":17}},{"start":{"line":20,"column":21},"end":{"line":28,"column":17}}],"line":20},"2":{"loc":{"start":{"line":38,"column":12},"end":{"line":41,"column":13}},"type":"if","locations":[{"start":{"line":38,"column":12},"end":{"line":41,"column":13}},{"start":{"line":38,"column":12},"end":{"line":41,"column":13}}],"line":38},"3":{"loc":{"start":{"line":42,"column":12},"end":{"line":49,"column":13}},"type":"if","locations":[{"start":{"line":42,"column":12},"end":{"line":49,"column":13}},{"start":{"line":42,"column":12},"end":{"line":49,"column":13}}],"line":42},"4":{"loc":{"start":{"line":61,"column":16},"end":{"line":73,"column":17}},"type":"if","locations":[{"start":{"line":61,"column":16},"end":{"line":73,"column":17}},{"start":{"line":61,"column":16},"end":{"line":73,"column":17}}],"line":61},"5":{"loc":{"start":{"line":65,"column":21},"end":{"line":73,"column":17}},"type":"if","locations":[{"start":{"line":65,"column":21},"end":{"line":73,"column":17}},{"start":{"line":65,"column":21},"end":{"line":73,"column":17}}],"line":65},"6":{"loc":{"start":{"line":82,"column":12},"end":{"line":85,"column":13}},"type":"if","locations":[{"start":{"line":82,"column":12},"end":{"line":85,"column":13}},{"start":{"line":82,"column":12},"end":{"line":85,"column":13}}],"line":82},"7":{"loc":{"start":{"line":86,"column":12},"end":{"line":93,"column":13}},"type":"if","locations":[{"start":{"line":86,"column":12},"end":{"line":93,"column":13}},{"start":{"line":86,"column":12},"end":{"line":93,"column":13}}],"line":86},"8":{"loc":{"start":{"line":105,"column":16},"end":{"line":117,"column":17}},"type":"if","locations":[{"start":{"line":105,"column":16},"end":{"line":117,"column":17}},{"start":{"line":105,"column":16},"end":{"line":117,"column":17}}],"line":105},"9":{"loc":{"start":{"line":109,"column":21},"end":{"line":117,"column":17}},"type":"if","locations":[{"start":{"line":109,"column":21},"end":{"line":117,"column":17}},{"start":{"line":109,"column":21},"end":{"line":117,"column":17}}],"line":109}},"s":{"0":1,"1":1,"2":1,"3":1,"4":1,"5":1,"6":0,"7":0,"8":1,"9":1,"10":1,"11":1,"12":0,"13":0,"14":0,"15":1,"16":0,"17":0,"18":0,"19":0,"20":0,"21":0,"22":0,"23":0,"24":0,"25":0,"26":0,"27":1,"28":1,"29":1,"30":1,"31":0,"32":0,"33":1,"34":1,"35":1,"36":1,"37":0,"38":0,"39":0,"40":1,"41":2,"42":2,"43":2,"44":0,"45":0,"46":2,"47":2,"48":2,"49":0,"50":0,"51":0,"52":1,"53":0,"54":0,"55":0,"56":0,"57":0,"58":0,"59":0,"60":0,"61":0,"62":0,"63":0,"64":0,"65":1},"f":{"0":1,"1":1,"2":1,"3":0,"4":0,"5":0,"6":1,"7":1,"8":1,"9":2,"10":2,"11":2,"12":0,"13":0,"14":0},"b":{"0":[0,1],"1":[1,0],"2":[0,0],"3":[0,0],"4":[0,1],"5":[1,0],"6":[0,2],"7":[2,0],"8":[0,0],"9":[0,0]},"_coverageSchema":"1a1c01bbd47fc00a2c39e90264f33305004495a9","hash":"d5444495545d712e438932994877ed383a4434f9"}
,"E:\\Projects\\NodeJS\\BillingSystemAssignment\\models\\products.js": {"path":"E:\\Projects\\NodeJS\\BillingSystemAssignment\\models\\products.js","statementMap":{"0":{"start":{"line":4,"column":11},"end":{"line":4,"column":37}},"1":{"start":{"line":12,"column":23},"end":{"line":31,"column":1}},"2":{"start":{"line":13,"column":4},"end":{"line":29,"column":7}},"3":{"start":{"line":14,"column":8},"end":{"line":27,"column":11}},"4":{"start":{"line":15,"column":12},"end":{"line":18,"column":13}},"5":{"start":{"line":16,"column":16},"end":{"line":16,"column":28}},"6":{"start":{"line":17,"column":16},"end":{"line":17,"column":26}},"7":{"start":{"line":19,"column":12},"end":{"line":26,"column":13}},"8":{"start":{"line":20,"column":16},"end":{"line":20,"column":47}},"9":{"start":{"line":21,"column":16},"end":{"line":21,"column":30}},"10":{"start":{"line":23,"column":30},"end":{"line":23,"column":41}},"11":{"start":{"line":24,"column":16},"end":{"line":24,"column":46}},"12":{"start":{"line":25,"column":16},"end":{"line":25,"column":31}},"13":{"start":{"line":33,"column":25},"end":{"line":52,"column":1}},"14":{"start":{"line":34,"column":4},"end":{"line":50,"column":7}},"15":{"start":{"line":35,"column":8},"end":{"line":48,"column":11}},"16":{"start":{"line":36,"column":12},"end":{"line":39,"column":13}},"17":{"start":{"line":37,"column":16},"end":{"line":37,"column":28}},"18":{"start":{"line":38,"column":16},"end":{"line":38,"column":26}},"19":{"start":{"line":40,"column":12},"end":{"line":47,"column":13}},"20":{"start":{"line":41,"column":16},"end":{"line":41,"column":46}},"21":{"start":{"line":42,"column":16},"end":{"line":42,"column":30}},"22":{"start":{"line":44,"column":30},"end":{"line":44,"column":41}},"23":{"start":{"line":45,"column":16},"end":{"line":45,"column":46}},"24":{"start":{"line":46,"column":16},"end":{"line":46,"column":31}},"25":{"start":{"line":55,"column":19},"end":{"line":76,"column":1}},"26":{"start":{"line":56,"column":4},"end":{"line":74,"column":6}},"27":{"start":{"line":57,"column":24},"end":{"line":57,"column":75}},"28":{"start":{"line":58,"column":8},"end":{"line":73,"column":15}},"29":{"start":{"line":60,"column":16},"end":{"line":72,"column":17}},"30":{"start":{"line":61,"column":20},"end":{"line":61,"column":32}},"31":{"start":{"line":62,"column":20},"end":{"line":62,"column":30}},"32":{"start":{"line":64,"column":21},"end":{"line":72,"column":17}},"33":{"start":{"line":65,"column":20},"end":{"line":65,"column":62}},"34":{"start":{"line":66,"column":33},"end":{"line":66,"column":46}},"35":{"start":{"line":67,"column":20},"end":{"line":67,"column":36}},"36":{"start":{"line":69,"column":20},"end":{"line":69,"column":58}},"37":{"start":{"line":70,"column":33},"end":{"line":70,"column":47}},"38":{"start":{"line":71,"column":20},"end":{"line":71,"column":36}},"39":{"start":{"line":78,"column":22},"end":{"line":97,"column":1}},"40":{"start":{"line":79,"column":4},"end":{"line":96,"column":6}},"41":{"start":{"line":80,"column":8},"end":{"line":95,"column":15}},"42":{"start":{"line":82,"column":16},"end":{"line":94,"column":17}},"43":{"start":{"line":83,"column":20},"end":{"line":83,"column":32}},"44":{"start":{"line":84,"column":20},"end":{"line":84,"column":30}},"45":{"start":{"line":86,"column":21},"end":{"line":94,"column":17}},"46":{"start":{"line":87,"column":20},"end":{"line":87,"column":64}},"47":{"start":{"line":88,"column":33},"end":{"line":88,"column":46}},"48":{"start":{"line":89,"column":20},"end":{"line":89,"column":36}},"49":{"start":{"line":91,"column":20},"end":{"line":91,"column":58}},"50":{"start":{"line":92,"column":33},"end":{"line":92,"column":47}},"51":{"start":{"line":93,"column":20},"end":{"line":93,"column":36}},"52":{"start":{"line":99,"column":22},"end":{"line":119,"column":1}},"53":{"start":{"line":100,"column":4},"end":{"line":117,"column":6}},"54":{"start":{"line":101,"column":8},"end":{"line":116,"column":15}},"55":{"start":{"line":103,"column":16},"end":{"line":115,"column":17}},"56":{"start":{"line":104,"column":20},"end":{"line":104,"column":32}},"57":{"start":{"line":105,"column":20},"end":{"line":105,"column":30}},"58":{"start":{"line":107,"column":21},"end":{"line":115,"column":17}},"59":{"start":{"line":108,"column":20},"end":{"line":108,"column":64}},"60":{"start":{"line":109,"column":33},"end":{"line":109,"column":46}},"61":{"start":{"line":110,"column":20},"end":{"line":110,"column":36}},"62":{"start":{"line":112,"column":20},"end":{"line":112,"column":58}},"63":{"start":{"line":113,"column":33},"end":{"line":113,"column":47}},"64":{"start":{"line":114,"column":20},"end":{"line":114,"column":36}},"65":{"start":{"line":124,"column":0},"end":{"line":130,"column":1}}},"fnMap":{"0":{"name":"(anonymous_0)","decl":{"start":{"line":12,"column":23},"end":{"line":12,"column":24}},"loc":{"start":{"line":12,"column":29},"end":{"line":31,"column":1}},"line":12},"1":{"name":"(anonymous_1)","decl":{"start":{"line":13,"column":23},"end":{"line":13,"column":24}},"loc":{"start":{"line":13,"column":44},"end":{"line":29,"column":5}},"line":13},"2":{"name":"(anonymous_2)","decl":{"start":{"line":14,"column":70},"end":{"line":14,"column":71}},"loc":{"start":{"line":14,"column":99},"end":{"line":27,"column":9}},"line":14},"3":{"name":"(anonymous_3)","decl":{"start":{"line":33,"column":25},"end":{"line":33,"column":26}},"loc":{"start":{"line":33,"column":33},"end":{"line":52,"column":1}},"line":33},"4":{"name":"(anonymous_4)","decl":{"start":{"line":34,"column":23},"end":{"line":34,"column":24}},"loc":{"start":{"line":34,"column":44},"end":{"line":50,"column":5}},"line":34},"5":{"name":"(anonymous_5)","decl":{"start":{"line":35,"column":75},"end":{"line":35,"column":76}},"loc":{"start":{"line":35,"column":104},"end":{"line":48,"column":9}},"line":35},"6":{"name":"(anonymous_6)","decl":{"start":{"line":55,"column":19},"end":{"line":55,"column":20}},"loc":{"start":{"line":55,"column":44},"end":{"line":76,"column":1}},"line":55},"7":{"name":"(anonymous_7)","decl":{"start":{"line":56,"column":23},"end":{"line":56,"column":24}},"loc":{"start":{"line":56,"column":44},"end":{"line":74,"column":5}},"line":56},"8":{"name":"(anonymous_8)","decl":{"start":{"line":59,"column":41},"end":{"line":59,"column":42}},"loc":{"start":{"line":59,"column":70},"end":{"line":73,"column":13}},"line":59},"9":{"name":"(anonymous_9)","decl":{"start":{"line":78,"column":22},"end":{"line":78,"column":23}},"loc":{"start":{"line":78,"column":46},"end":{"line":97,"column":1}},"line":78},"10":{"name":"(anonymous_10)","decl":{"start":{"line":79,"column":23},"end":{"line":79,"column":24}},"loc":{"start":{"line":79,"column":44},"end":{"line":96,"column":5}},"line":79},"11":{"name":"(anonymous_11)","decl":{"start":{"line":81,"column":34},"end":{"line":81,"column":35}},"loc":{"start":{"line":81,"column":63},"end":{"line":95,"column":13}},"line":81},"12":{"name":"(anonymous_12)","decl":{"start":{"line":99,"column":22},"end":{"line":99,"column":23}},"loc":{"start":{"line":99,"column":30},"end":{"line":119,"column":1}},"line":99},"13":{"name":"(anonymous_13)","decl":{"start":{"line":100,"column":23},"end":{"line":100,"column":24}},"loc":{"start":{"line":100,"column":44},"end":{"line":117,"column":5}},"line":100},"14":{"name":"(anonymous_14)","decl":{"start":{"line":102,"column":18},"end":{"line":102,"column":19}},"loc":{"start":{"line":102,"column":47},"end":{"line":116,"column":13}},"line":102}},"branchMap":{"0":{"loc":{"start":{"line":15,"column":12},"end":{"line":18,"column":13}},"type":"if","locations":[{"start":{"line":15,"column":12},"end":{"line":18,"column":13}},{"start":{"line":15,"column":12},"end":{"line":18,"column":13}}],"line":15},"1":{"loc":{"start":{"line":19,"column":12},"end":{"line":26,"column":13}},"type":"if","locations":[{"start":{"line":19,"column":12},"end":{"line":26,"column":13}},{"start":{"line":19,"column":12},"end":{"line":26,"column":13}}],"line":19},"2":{"loc":{"start":{"line":36,"column":12},"end":{"line":39,"column":13}},"type":"if","locations":[{"start":{"line":36,"column":12},"end":{"line":39,"column":13}},{"start":{"line":36,"column":12},"end":{"line":39,"column":13}}],"line":36},"3":{"loc":{"start":{"line":40,"column":12},"end":{"line":47,"column":13}},"type":"if","locations":[{"start":{"line":40,"column":12},"end":{"line":47,"column":13}},{"start":{"line":40,"column":12},"end":{"line":47,"column":13}}],"line":40},"4":{"loc":{"start":{"line":60,"column":16},"end":{"line":72,"column":17}},"type":"if","locations":[{"start":{"line":60,"column":16},"end":{"line":72,"column":17}},{"start":{"line":60,"column":16},"end":{"line":72,"column":17}}],"line":60},"5":{"loc":{"start":{"line":64,"column":21},"end":{"line":72,"column":17}},"type":"if","locations":[{"start":{"line":64,"column":21},"end":{"line":72,"column":17}},{"start":{"line":64,"column":21},"end":{"line":72,"column":17}}],"line":64},"6":{"loc":{"start":{"line":82,"column":16},"end":{"line":94,"column":17}},"type":"if","locations":[{"start":{"line":82,"column":16},"end":{"line":94,"column":17}},{"start":{"line":82,"column":16},"end":{"line":94,"column":17}}],"line":82},"7":{"loc":{"start":{"line":86,"column":21},"end":{"line":94,"column":17}},"type":"if","locations":[{"start":{"line":86,"column":21},"end":{"line":94,"column":17}},{"start":{"line":86,"column":21},"end":{"line":94,"column":17}}],"line":86},"8":{"loc":{"start":{"line":103,"column":16},"end":{"line":115,"column":17}},"type":"if","locations":[{"start":{"line":103,"column":16},"end":{"line":115,"column":17}},{"start":{"line":103,"column":16},"end":{"line":115,"column":17}}],"line":103},"9":{"loc":{"start":{"line":107,"column":21},"end":{"line":115,"column":17}},"type":"if","locations":[{"start":{"line":107,"column":21},"end":{"line":115,"column":17}},{"start":{"line":107,"column":21},"end":{"line":115,"column":17}}],"line":107}},"s":{"0":1,"1":1,"2":2,"3":2,"4":2,"5":0,"6":0,"7":2,"8":2,"9":2,"10":0,"11":0,"12":0,"13":1,"14":0,"15":0,"16":0,"17":0,"18":0,"19":0,"20":0,"21":0,"22":0,"23":0,"24":0,"25":1,"26":1,"27":1,"28":1,"29":1,"30":0,"31":0,"32":1,"33":1,"34":1,"35":1,"36":0,"37":0,"38":0,"39":1,"40":0,"41":0,"42":0,"43":0,"44":0,"45":0,"46":0,"47":0,"48":0,"49":0,"50":0,"51":0,"52":1,"53":0,"54":0,"55":0,"56":0,"57":0,"58":0,"59":0,"60":0,"61":0,"62":0,"63":0,"64":0,"65":1},"f":{"0":2,"1":2,"2":2,"3":0,"4":0,"5":0,"6":1,"7":1,"8":1,"9":0,"10":0,"11":0,"12":0,"13":0,"14":0},"b":{"0":[0,2],"1":[2,0],"2":[0,0],"3":[0,0],"4":[0,1],"5":[1,0],"6":[0,0],"7":[0,0],"8":[0,0],"9":[0,0]},"_coverageSchema":"1a1c01bbd47fc00a2c39e90264f33305004495a9","hash":"d047224f4e1892e70cce0525df77e7ac06fc2d10"}
,"E:\\Projects\\NodeJS\\BillingSystemAssignment\\models\\users.js": {"path":"E:\\Projects\\NodeJS\\BillingSystemAssignment\\models\\users.js","statementMap":{"0":{"start":{"line":4,"column":11},"end":{"line":4,"column":37}},"1":{"start":{"line":12,"column":20},"end":{"line":31,"column":1}},"2":{"start":{"line":13,"column":4},"end":{"line":29,"column":7}},"3":{"start":{"line":14,"column":8},"end":{"line":27,"column":11}},"4":{"start":{"line":15,"column":12},"end":{"line":18,"column":13}},"5":{"start":{"line":16,"column":16},"end":{"line":16,"column":28}},"6":{"start":{"line":17,"column":16},"end":{"line":17,"column":26}},"7":{"start":{"line":19,"column":12},"end":{"line":26,"column":13}},"8":{"start":{"line":20,"column":16},"end":{"line":20,"column":44}},"9":{"start":{"line":21,"column":16},"end":{"line":21,"column":30}},"10":{"start":{"line":23,"column":30},"end":{"line":23,"column":41}},"11":{"start":{"line":24,"column":16},"end":{"line":24,"column":46}},"12":{"start":{"line":25,"column":16},"end":{"line":25,"column":31}},"13":{"start":{"line":36,"column":0},"end":{"line":38,"column":1}}},"fnMap":{"0":{"name":"(anonymous_0)","decl":{"start":{"line":12,"column":20},"end":{"line":12,"column":21}},"loc":{"start":{"line":12,"column":26},"end":{"line":31,"column":1}},"line":12},"1":{"name":"(anonymous_1)","decl":{"start":{"line":13,"column":23},"end":{"line":13,"column":24}},"loc":{"start":{"line":13,"column":44},"end":{"line":29,"column":5}},"line":13},"2":{"name":"(anonymous_2)","decl":{"start":{"line":14,"column":74},"end":{"line":14,"column":75}},"loc":{"start":{"line":14,"column":103},"end":{"line":27,"column":9}},"line":14}},"branchMap":{"0":{"loc":{"start":{"line":15,"column":12},"end":{"line":18,"column":13}},"type":"if","locations":[{"start":{"line":15,"column":12},"end":{"line":18,"column":13}},{"start":{"line":15,"column":12},"end":{"line":18,"column":13}}],"line":15},"1":{"loc":{"start":{"line":19,"column":12},"end":{"line":26,"column":13}},"type":"if","locations":[{"start":{"line":19,"column":12},"end":{"line":26,"column":13}},{"start":{"line":19,"column":12},"end":{"line":26,"column":13}}],"line":19}},"s":{"0":1,"1":1,"2":2,"3":2,"4":2,"5":0,"6":0,"7":2,"8":2,"9":2,"10":0,"11":0,"12":0,"13":1},"f":{"0":2,"1":2,"2":2},"b":{"0":[0,2],"1":[2,0]},"_coverageSchema":"1a1c01bbd47fc00a2c39e90264f33305004495a9","hash":"7b0690297f516738a8c7bc6115d1cfd10f12d1b4"}
}
